<?xml version="1.0" encoding="UTF-8"?>
<!-- Generated by org.testng.reporters.JUnitXMLReporter -->
<testsuite hostname="DESKTOP-Q0T10D1" name="Test" tests="12" failures="0" timestamp="21 Jan 2021 05:42:14 GMT" time="9.7" errors="0">
  <testcase name="@BeforeClass beforeClass" time="0.0" classname="tests.rest.Subscription_Put">
    <failure type="java.lang.IllegalArgumentException" message="testName cannot be null or empty">
      <![CDATA[java.lang.IllegalArgumentException: testName cannot be null or empty
	at com.aventstack.extentreports.ExtentTest.<init>(ExtentTest.java:80)
	at com.aventstack.extentreports.ExtentTest.<init>(ExtentTest.java:100)
	at com.aventstack.extentreports.ExtentReports.createTest(ExtentReports.java:238)
	at lib.utils.HTMLReporter.startTestCase(HTMLReporter.java:46)
	at lib.rest.PreAndTest.beforeClass(PreAndTest.java:45)
... Removed 25 stack frames]]>
    </failure>
  </testcase> <!-- @BeforeClass beforeClass -->
  <testcase name="@BeforeClass beforeClass" time="0.0" classname="tests.rest.Subscription_Delete">
    <skipped/>
  </testcase> <!-- @BeforeClass beforeClass -->
  <testcase name="@BeforeMethod beforeMethod" time="0.0" classname="tests.rest.Subscription_Delete">
    <skipped/>
  </testcase> <!-- @BeforeMethod beforeMethod -->
  <testcase name="@AfterMethod afterMethod" time="0.0" classname="tests.rest.Subscription_Delete">
    <skipped/>
  </testcase> <!-- @AfterMethod afterMethod -->
  <testcase name="@BeforeClass beforeClass" time="0.0" classname="tests.rest.PendingInvoice_Get">
    <skipped/>
  </testcase> <!-- @BeforeClass beforeClass -->
  <testcase name="@BeforeMethod beforeMethod" time="0.0" classname="tests.rest.PendingInvoice_Get">
    <skipped/>
  </testcase> <!-- @BeforeMethod beforeMethod -->
  <testcase name="@AfterMethod afterMethod" time="0.0" classname="tests.rest.PendingInvoice_Get">
    <skipped/>
  </testcase> <!-- @AfterMethod afterMethod -->
  <testcase name="@BeforeClass beforeClass" time="0.0" classname="tests.rest.Addonsubscription_Post">
    <skipped/>
  </testcase> <!-- @BeforeClass beforeClass -->
  <testcase name="@BeforeMethod beforeMethod" time="0.0" classname="tests.rest.Addonsubscription_Post">
    <skipped/>
  </testcase> <!-- @BeforeMethod beforeMethod -->
  <testcase name="@AfterMethod afterMethod" time="0.0" classname="tests.rest.Addonsubscription_Post">
    <skipped/>
  </testcase> <!-- @AfterMethod afterMethod -->
  <testcase name="@BeforeClass beforeClass" time="0.0" classname="tests.rest.AdditionalStorage_Get">
    <skipped/>
  </testcase> <!-- @BeforeClass beforeClass -->
  <testcase name="@BeforeMethod beforeMethod" time="0.0" classname="tests.rest.AdditionalStorage_Get">
    <skipped/>
  </testcase> <!-- @BeforeMethod beforeMethod -->
  <testcase name="@AfterMethod afterMethod" time="0.0" classname="tests.rest.AdditionalStorage_Get">
    <skipped/>
  </testcase> <!-- @AfterMethod afterMethod -->
  <testcase name="@BeforeClass beforeClass" time="0.0" classname="tests.rest.AdditionalStoragelist_Get">
    <skipped/>
  </testcase> <!-- @BeforeClass beforeClass -->
  <testcase name="@BeforeMethod beforeMethod" time="0.0" classname="tests.rest.AdditionalStoragelist_Get">
    <skipped/>
  </testcase> <!-- @BeforeMethod beforeMethod -->
  <testcase name="@AfterMethod afterMethod" time="0.0" classname="tests.rest.AdditionalStoragelist_Get">
    <skipped/>
  </testcase> <!-- @AfterMethod afterMethod -->
  <testcase name="@BeforeClass beforeClass" time="0.0" classname="tests.rest.Additionorcancellicense_Get">
    <skipped/>
  </testcase> <!-- @BeforeClass beforeClass -->
  <testcase name="@BeforeMethod beforeMethod" time="0.0" classname="tests.rest.Additionorcancellicense_Get">
    <skipped/>
  </testcase> <!-- @BeforeMethod beforeMethod -->
  <testcase name="@AfterMethod afterMethod" time="0.0" classname="tests.rest.Additionorcancellicense_Get">
    <skipped/>
  </testcase> <!-- @AfterMethod afterMethod -->
  <testcase name="@BeforeClass beforeClass" time="0.0" classname="tests.rest.Renewal_Post">
    <skipped/>
  </testcase> <!-- @BeforeClass beforeClass -->
  <testcase name="@BeforeMethod beforeMethod" time="0.0" classname="tests.rest.Renewal_Post">
    <skipped/>
  </testcase> <!-- @BeforeMethod beforeMethod -->
  <testcase name="@AfterMethod afterMethod" time="0.0" classname="tests.rest.Renewal_Post">
    <skipped/>
  </testcase> <!-- @AfterMethod afterMethod -->
  <testcase name="@BeforeClass beforeClass" time="0.0" classname="tests.rest.Renewallist_Get">
    <skipped/>
  </testcase> <!-- @BeforeClass beforeClass -->
  <testcase name="@BeforeMethod beforeMethod" time="0.0" classname="tests.rest.Renewallist_Get">
    <skipped/>
  </testcase> <!-- @BeforeMethod beforeMethod -->
  <testcase name="@AfterMethod afterMethod" time="0.0" classname="tests.rest.Renewallist_Get">
    <skipped/>
  </testcase> <!-- @AfterMethod afterMethod -->
  <testcase name="subscriptions" time="5.526" classname="tests.rest.Subscription_Post"/>
  <testcase name="Subscritption" time="2.61" classname="tests.rest.Subscriptionlist_Get"/>
  <testcase name="Subscritption" time="1.351" classname="tests.rest.Subscription_Get"/>
  <testcase name="subscription" time="0.0" classname="tests.rest.Subscription_Put">
    <skipped/>
  </testcase> <!-- subscription -->
  <testcase name="userdelete" time="0.002" classname="tests.rest.Subscription_Delete">
    <skipped/>
  </testcase> <!-- userdelete -->
  <testcase name="PendingInvoice" time="0.003" classname="tests.rest.PendingInvoice_Get">
    <skipped/>
  </testcase> <!-- PendingInvoice -->
  <testcase name="Addonsubscriptions" time="0.002" classname="tests.rest.Addonsubscription_Post">
    <skipped/>
  </testcase> <!-- Addonsubscriptions -->
  <testcase name="additionStorage" time="0.002" classname="tests.rest.AdditionalStorage_Get">
    <skipped/>
  </testcase> <!-- additionStorage -->
  <testcase name="additionStoragelist" time="0.001" classname="tests.rest.AdditionalStoragelist_Get">
    <skipped/>
  </testcase> <!-- additionStoragelist -->
  <testcase name="addonorcancelLicencse" time="0.002" classname="tests.rest.Additionorcancellicense_Get">
    <skipped/>
  </testcase> <!-- addonorcancelLicencse -->
  <testcase name="subscriptions" time="0.002" classname="tests.rest.Renewal_Post">
    <skipped/>
  </testcase> <!-- subscriptions -->
  <testcase name="renewal" time="0.001" classname="tests.rest.Renewallist_Get">
    <skipped/>
  </testcase> <!-- renewal -->
</testsuite> <!-- Test -->
